c:\users\carrie\source\repos\carrie_lib\build\x64\debug\simulationlib.pdb
c:\users\carrie\source\repos\carrie_lib\build\x64\debug\simulationlib.idb
c:\users\carrie\source\repos\carrie_lib\build\x64\debug\isimulator.obj
c:\users\carrie\source\repos\carrie_lib\build\x64\debug\simne.obj
c:\users\carrie\source\repos\carrie_lib\build\x64\debug\simulationlib.lib
c:\users\carrie\source\repos\carrie_lib\build\x64\debug\easymath.obj
c:\users\carrie\source\repos\carrie_lib\build\x64\debug\filein.obj
c:\users\carrie\source\repos\carrie_lib\build\x64\debug\gridgraph.obj
c:\users\carrie\source\repos\carrie_lib\build\x64\debug\linkgraph.obj
c:\users\carrie\source\repos\carrie_lib\build\x64\debug\matrixtypes.obj
c:\users\carrie\source\repos\carrie_lib\build\x64\debug\multiagentne.obj
c:\users\carrie\source\repos\carrie_lib\build\x64\debug\neuralnet.obj
c:\users\carrie\source\repos\carrie_lib\build\x64\debug\neuroevo.obj
c:\users\carrie\source\repos\carrie_lib\build\x64\debug\rags.obj
c:\users\carrie\source\repos\carrie_lib\build\x64\debug\rewardanalysis.obj
c:\users\carrie\source\repos\carrie_lib\build\x64\debug\fileiolib.idb
c:\users\carrie\source\repos\carrie_lib\build\x64\debug\learninglib.idb
c:\users\carrie\source\repos\carrie_lib\build\x64\debug\mathlib.idb
c:\users\carrie\source\repos\carrie_lib\build\x64\debug\multiagentlib.idb
c:\users\carrie\source\repos\carrie_lib\build\x64\debug\planninglib.idb
c:\users\carrie\source\repos\carrie_lib\build\x64\debug\fileiolib.pdb
c:\users\carrie\source\repos\carrie_lib\build\x64\debug\learninglib.pdb
c:\users\carrie\source\repos\carrie_lib\build\x64\debug\mathlib.pdb
c:\users\carrie\source\repos\carrie_lib\build\x64\debug\multiagentlib.pdb
c:\users\carrie\source\repos\carrie_lib\build\x64\debug\planninglib.pdb
c:\users\carrie\source\repos\carrie_lib\build\x64\debug\..\..\..\build\x64\debug\simulationlib.pdb
c:\users\carrie\source\repos\carrie_lib\vcc\simulationlib\simulationlib\..\..\..\build\x64\debug\simulationlib.lib
c:\users\carrie\source\repos\carrie_lib\build\x64\debug\simulationlib.tlog\cl.command.1.tlog
c:\users\carrie\source\repos\carrie_lib\build\x64\debug\simulationlib.tlog\cl.read.1.tlog
c:\users\carrie\source\repos\carrie_lib\build\x64\debug\simulationlib.tlog\cl.write.1.tlog
c:\users\carrie\source\repos\carrie_lib\build\x64\debug\simulationlib.tlog\lib-link.read.1.tlog
c:\users\carrie\source\repos\carrie_lib\build\x64\debug\simulationlib.tlog\lib-link.write.1.tlog
c:\users\carrie\source\repos\carrie_lib\build\x64\debug\simulationlib.tlog\lib.command.1.tlog
