Determining if the pthread_create exist failed with the following output:
Change Dir: /home/aadi1/Source/carrie_lib/src/CMakeFiles/CMakeTmp

Run Build Command:/usr/bin/make "cmTryCompileExec1538506187/fast"
/usr/bin/make -f CMakeFiles/cmTryCompileExec1538506187.dir/build.make CMakeFiles/cmTryCompileExec1538506187.dir/build
make[1]: Entering directory `/home/aadi1/Source/carrie_lib/src/CMakeFiles/CMakeTmp'
/usr/bin/cmake -E cmake_progress_report /home/aadi1/Source/carrie_lib/src/CMakeFiles/CMakeTmp/CMakeFiles 1
Building C object CMakeFiles/cmTryCompileExec1538506187.dir/CheckSymbolExists.c.o
/usr/bin/cc    -o CMakeFiles/cmTryCompileExec1538506187.dir/CheckSymbolExists.c.o   -c /home/aadi1/Source/carrie_lib/src/CMakeFiles/CMakeTmp/CheckSymbolExists.c
Linking C executable cmTryCompileExec1538506187
/usr/bin/cmake -E cmake_link_script CMakeFiles/cmTryCompileExec1538506187.dir/link.txt --verbose=1
/usr/bin/cc       CMakeFiles/cmTryCompileExec1538506187.dir/CheckSymbolExists.c.o  -o cmTryCompileExec1538506187 -rdynamic 
CMakeFiles/cmTryCompileExec1538506187.dir/CheckSymbolExists.c.o: In function `main':
CheckSymbolExists.c:(.text+0x16): undefined reference to `pthread_create'
collect2: error: ld returned 1 exit status
make[1]: *** [cmTryCompileExec1538506187] Error 1
make[1]: Leaving directory `/home/aadi1/Source/carrie_lib/src/CMakeFiles/CMakeTmp'
make: *** [cmTryCompileExec1538506187/fast] Error 2

File /home/aadi1/Source/carrie_lib/src/CMakeFiles/CMakeTmp/CheckSymbolExists.c:
/* */
#include <pthread.h>

int main(int argc, char** argv)
{
  (void)argv;
#ifndef pthread_create
  return ((int*)(&pthread_create))[argc];
#else
  (void)argc;
  return 0;
#endif
}

Determining if the function pthread_create exists in the pthreads failed with the following output:
Change Dir: /home/aadi1/Source/carrie_lib/src/CMakeFiles/CMakeTmp

Run Build Command:/usr/bin/make "cmTryCompileExec1754956834/fast"
/usr/bin/make -f CMakeFiles/cmTryCompileExec1754956834.dir/build.make CMakeFiles/cmTryCompileExec1754956834.dir/build
make[1]: Entering directory `/home/aadi1/Source/carrie_lib/src/CMakeFiles/CMakeTmp'
/usr/bin/cmake -E cmake_progress_report /home/aadi1/Source/carrie_lib/src/CMakeFiles/CMakeTmp/CMakeFiles 1
Building C object CMakeFiles/cmTryCompileExec1754956834.dir/CheckFunctionExists.c.o
/usr/bin/cc   -DCHECK_FUNCTION_EXISTS=pthread_create   -o CMakeFiles/cmTryCompileExec1754956834.dir/CheckFunctionExists.c.o   -c /usr/share/cmake-2.8/Modules/CheckFunctionExists.c
Linking C executable cmTryCompileExec1754956834
/usr/bin/cmake -E cmake_link_script CMakeFiles/cmTryCompileExec1754956834.dir/link.txt --verbose=1
/usr/bin/cc   -DCHECK_FUNCTION_EXISTS=pthread_create    CMakeFiles/cmTryCompileExec1754956834.dir/CheckFunctionExists.c.o  -o cmTryCompileExec1754956834 -rdynamic -lpthreads 
/usr/bin/ld: cannot find -lpthreads
collect2: error: ld returned 1 exit status
make[1]: Leaving directory `/home/aadi1/Source/carrie_lib/src/CMakeFiles/CMakeTmp'
make[1]: *** [cmTryCompileExec1754956834] Error 1
make: *** [cmTryCompileExec1754956834/fast] Error 2


